# JRE version: OpenJDK Runtime Environment (22.0.2+9) (build 22.0.2+9-70)
# Java VM: OpenJDK 64-Bit Server VM (22.0.2+9-70, mixed mode, sharing, tiered, compressed oops, compressed class ptrs, g1 gc, windows-amd64)
GC Precious Log:
 CardTable entry size: 512
 Card Set container configuration: InlinePtr #cards 4 size 8 Array Of Cards #cards 16 size 48 Howl #buckets 8 coarsen threshold 3686 Howl Bitmap #cards 512 size 80 coarsen threshold 460 Card regions per heap region 1 cards per card region 4096
 CPUs: 16 total, 16 available
 Memory: 15631M
 Large Page Support: Disabled
 NUMA Support: Disabled
 Compressed Oops: Enabled (Zero based)
 Heap Region Size: 2M
 Heap Min Capacity: 8M
 Heap Initial Capacity: 246M
 Heap Max Capacity: 3908M
 Pre-touch: Disabled
 Parallel Workers: 13
 Concurrent Workers: 3
 Concurrent Refinement Workers: 13
 Periodic GC: Disabled
Heap:
 garbage-first heap   total reserved 4001792K, committed 67584K, used 36196K [0x000000070bc00000, 0x0000000800000000)
  region size 2048K, 5 young (10240K), 2 survivors (4096K)
 Metaspace       used 39192K, committed 39680K, reserved 1114112K
  class space    used 5201K, committed 5440K, reserved 1048576K
GC Heap History (20 events):
Event: 0.689 GC heap before
{Heap before GC invocations=0 (full 0):
 garbage-first heap   total reserved 4001792K, committed 251904K, used 22528K [0x000000070bc00000, 0x0000000800000000)
  region size 2048K, 12 young (24576K), 0 survivors (0K)
 Metaspace       used 4094K, committed 4352K, reserved 1114112K
  class space    used 440K, committed 576K, reserved 1048576K
}
Event: 0.693 GC heap after
{Heap after GC invocations=1 (full 0):
 garbage-first heap   total reserved 4001792K, committed 251904K, used 4364K [0x000000070bc00000, 0x0000000800000000)
  region size 2048K, 2 young (4096K), 2 survivors (4096K)
 Metaspace       used 4094K, committed 4352K, reserved 1114112K
  class space    used 440K, committed 576K, reserved 1048576K
}
Event: 1.691 GC heap before
{Heap before GC invocations=1 (full 0):
 garbage-first heap   total reserved 4001792K, committed 251904K, used 39180K [0x000000070bc00000, 0x0000000800000000)
  region size 2048K, 20 young (40960K), 2 survivors (4096K)
 Metaspace       used 16051K, committed 16384K, reserved 1114112K
  class space    used 1984K, committed 2112K, reserved 1048576K
}
Event: 1.698 GC heap after
{Heap after GC invocations=2 (full 0):
 garbage-first heap   total reserved 4001792K, committed 251904K, used 9090K [0x000000070bc00000, 0x0000000800000000)
  region size 2048K, 3 young (6144K), 3 survivors (6144K)
 Metaspace       used 16051K, committed 16384K, reserved 1114112K
  class space    used 1984K, committed 2112K, reserved 1048576K
}
Event: 2.295 GC heap before
{Heap before GC invocations=2 (full 0):
 garbage-first heap   total reserved 4001792K, committed 251904K, used 39810K [0x000000070bc00000, 0x0000000800000000)
  region size 2048K, 19 young (38912K), 3 survivors (6144K)
 Metaspace       used 21120K, committed 21504K, reserved 1114112K
  class space    used 3085K, committed 3264K, reserved 1048576K
}
Event: 2.300 GC heap after
{Heap after GC invocations=3 (full 0):
 garbage-first heap   total reserved 4001792K, committed 251904K, used 13031K [0x000000070bc00000, 0x0000000800000000)
  region size 2048K, 4 young (8192K), 4 survivors (8192K)
 Metaspace       used 21120K, committed 21504K, reserved 1114112K
  class space    used 3085K, committed 3264K, reserved 1048576K
}
Event: 19.198 GC heap before
{Heap before GC invocations=4 (full 0):
 garbage-first heap   total reserved 4001792K, committed 55296K, used 51943K [0x000000070bc00000, 0x0000000800000000)
  region size 2048K, 22 young (45056K), 4 survivors (8192K)
 Metaspace       used 32168K, committed 32576K, reserved 1114112K
  class space    used 4390K, committed 4608K, reserved 1048576K
}
Event: 19.206 GC heap after
{Heap after GC invocations=5 (full 0):
 garbage-first heap   total reserved 4001792K, committed 67584K, used 19475K [0x000000070bc00000, 0x0000000800000000)
  region size 2048K, 6 young (12288K), 6 survivors (12288K)
 Metaspace       used 32168K, committed 32576K, reserved 1114112K
  class space    used 4390K, committed 4608K, reserved 1048576K
}
Event: 19.715 GC heap before
{Heap before GC invocations=5 (full 0):
 garbage-first heap   total reserved 4001792K, committed 67584K, used 46099K [0x000000070bc00000, 0x0000000800000000)
  region size 2048K, 19 young (38912K), 6 survivors (12288K)
 Metaspace       used 34256K, committed 34624K, reserved 1114112K
  class space    used 4725K, committed 4928K, reserved 1048576K
}
Event: 19.724 GC heap after
{Heap after GC invocations=6 (full 0):
 garbage-first heap   total reserved 4001792K, committed 67584K, used 23970K [0x000000070bc00000, 0x0000000800000000)
  region size 2048K, 3 young (6144K), 3 survivors (6144K)
 Metaspace       used 34256K, committed 34624K, reserved 1114112K
  class space    used 4725K, committed 4928K, reserved 1048576K
}
Event: 27.779 GC heap before
{Heap before GC invocations=6 (full 0):
 garbage-first heap   total reserved 4001792K, committed 67584K, used 54690K [0x000000070bc00000, 0x0000000800000000)
  region size 2048K, 17 young (34816K), 3 survivors (6144K)
 Metaspace       used 35097K, committed 35520K, reserved 1114112K
  class space    used 4758K, committed 4992K, reserved 1048576K
}
Event: 27.786 GC heap after
{Heap after GC invocations=7 (full 0):
 garbage-first heap   total reserved 4001792K, committed 67584K, used 31120K [0x000000070bc00000, 0x0000000800000000)
  region size 2048K, 3 young (6144K), 3 survivors (6144K)
 Metaspace       used 35097K, committed 35520K, reserved 1114112K
  class space    used 4758K, committed 4992K, reserved 1048576K
}
Event: 38.475 GC heap before
{Heap before GC invocations=7 (full 0):
 garbage-first heap   total reserved 4001792K, committed 67584K, used 53648K [0x000000070bc00000, 0x0000000800000000)
  region size 2048K, 14 young (28672K), 3 survivors (6144K)
 Metaspace       used 35358K, committed 35776K, reserved 1114112K
  class space    used 4779K, committed 4992K, reserved 1048576K
}
Event: 38.483 GC heap after
{Heap after GC invocations=8 (full 0):
 garbage-first heap   total reserved 4001792K, committed 67584K, used 35340K [0x000000070bc00000, 0x0000000800000000)
  region size 2048K, 2 young (4096K), 2 survivors (4096K)
 Metaspace       used 35358K, committed 35776K, reserved 1114112K
  class space    used 4779K, committed 4992K, reserved 1048576K
}
Event: 40.986 GC heap before
{Heap before GC invocations=8 (full 0):
 garbage-first heap   total reserved 4001792K, committed 67584K, used 53772K [0x000000070bc00000, 0x0000000800000000)
  region size 2048K, 11 young (22528K), 2 survivors (4096K)
 Metaspace       used 35399K, committed 35840K, reserved 1114112K
  class space    used 4779K, committed 4992K, reserved 1048576K
}
Event: 40.991 GC heap after
{Heap after GC invocations=9 (full 0):
 garbage-first heap   total reserved 4001792K, committed 67584K, used 38960K [0x000000070bc00000, 0x0000000800000000)
  region size 2048K, 2 young (4096K), 2 survivors (4096K)
 Metaspace       used 35399K, committed 35840K, reserved 1114112K
  class space    used 4779K, committed 4992K, reserved 1048576K
}
Event: 67.879 GC heap before
{Heap before GC invocations=10 (full 0):
 garbage-first heap   total reserved 4001792K, committed 67584K, used 51248K [0x000000070bc00000, 0x0000000800000000)
  region size 2048K, 10 young (20480K), 2 survivors (4096K)
 Metaspace       used 36089K, committed 36480K, reserved 1114112K
  class space    used 4850K, committed 4992K, reserved 1048576K
}
Event: 67.883 GC heap after
{Heap after GC invocations=11 (full 0):
 garbage-first heap   total reserved 4001792K, committed 67584K, used 38544K [0x000000070bc00000, 0x0000000800000000)
  region size 2048K, 1 young (2048K), 1 survivors (2048K)
 Metaspace       used 36089K, committed 36480K, reserved 1114112K
  class space    used 4850K, committed 4992K, reserved 1048576K
}
Event: 68.341 GC heap before
{Heap before GC invocations=11 (full 0):
 garbage-first heap   total reserved 4001792K, committed 67584K, used 54928K [0x000000070bc00000, 0x0000000800000000)
  region size 2048K, 10 young (20480K), 1 survivors (2048K)
 Metaspace       used 38925K, committed 39296K, reserved 1114112K
  class space    used 5164K, committed 5312K, reserved 1048576K
}
Event: 68.343 GC heap after
{Heap after GC invocations=12 (full 0):
 garbage-first heap   total reserved 4001792K, committed 67584K, used 34148K [0x000000070bc00000, 0x0000000800000000)
  region size 2048K, 2 young (4096K), 2 survivors (4096K)
 Metaspace       used 38925K, committed 39296K, reserved 1114112K
  class space    used 5164K, committed 5312K, reserved 1048576K
}

