# JRE version: OpenJDK Runtime Environment (22.0.2+9) (build 22.0.2+9-70)
# Java VM: OpenJDK 64-Bit Server VM (22.0.2+9-70, mixed mode, sharing, tiered, compressed oops, compressed class ptrs, g1 gc, windows-amd64)
GC Precious Log:
 CardTable entry size: 512
 Card Set container configuration: InlinePtr #cards 4 size 8 Array Of Cards #cards 16 size 48 Howl #buckets 8 coarsen threshold 3686 Howl Bitmap #cards 512 size 80 coarsen threshold 460 Card regions per heap region 1 cards per card region 4096
 CPUs: 16 total, 16 available
 Memory: 15631M
 Large Page Support: Disabled
 NUMA Support: Disabled
 Compressed Oops: Enabled (Zero based)
 Heap Region Size: 2M
 Heap Min Capacity: 8M
 Heap Initial Capacity: 246M
 Heap Max Capacity: 3908M
 Pre-touch: Disabled
 Parallel Workers: 13
 Concurrent Workers: 3
 Concurrent Refinement Workers: 13
 Periodic GC: Disabled
Heap:
 garbage-first heap   total reserved 4001792K, committed 69632K, used 43762K [0x000000070bc00000, 0x0000000800000000)
  region size 2048K, 6 young (12288K), 2 survivors (4096K)
 Metaspace       used 39411K, committed 39872K, reserved 1114112K
  class space    used 5219K, committed 5440K, reserved 1048576K
GC Heap History (20 events):
Event: 0.476 GC heap before
{Heap before GC invocations=0 (full 0):
 garbage-first heap   total reserved 4001792K, committed 251904K, used 22528K [0x000000070bc00000, 0x0000000800000000)
  region size 2048K, 12 young (24576K), 0 survivors (0K)
 Metaspace       used 4193K, committed 4416K, reserved 1114112K
  class space    used 469K, committed 576K, reserved 1048576K
}
Event: 0.479 GC heap after
{Heap after GC invocations=1 (full 0):
 garbage-first heap   total reserved 4001792K, committed 251904K, used 4165K [0x000000070bc00000, 0x0000000800000000)
  region size 2048K, 2 young (4096K), 2 survivors (4096K)
 Metaspace       used 4193K, committed 4416K, reserved 1114112K
  class space    used 469K, committed 576K, reserved 1048576K
}
Event: 1.093 GC heap before
{Heap before GC invocations=1 (full 0):
 garbage-first heap   total reserved 4001792K, committed 251904K, used 38981K [0x000000070bc00000, 0x0000000800000000)
  region size 2048K, 20 young (40960K), 2 survivors (4096K)
 Metaspace       used 16213K, committed 16576K, reserved 1114112K
  class space    used 2028K, committed 2176K, reserved 1048576K
}
Event: 1.098 GC heap after
{Heap after GC invocations=2 (full 0):
 garbage-first heap   total reserved 4001792K, committed 251904K, used 8918K [0x000000070bc00000, 0x0000000800000000)
  region size 2048K, 3 young (6144K), 3 survivors (6144K)
 Metaspace       used 16213K, committed 16576K, reserved 1114112K
  class space    used 2028K, committed 2176K, reserved 1048576K
}
Event: 1.413 GC heap before
{Heap before GC invocations=2 (full 0):
 garbage-first heap   total reserved 4001792K, committed 251904K, used 39638K [0x000000070bc00000, 0x0000000800000000)
  region size 2048K, 18 young (36864K), 3 survivors (6144K)
 Metaspace       used 21157K, committed 21504K, reserved 1114112K
  class space    used 3119K, committed 3264K, reserved 1048576K
}
Event: 1.417 GC heap after
{Heap after GC invocations=3 (full 0):
 garbage-first heap   total reserved 4001792K, committed 251904K, used 13044K [0x000000070bc00000, 0x0000000800000000)
  region size 2048K, 4 young (8192K), 4 survivors (8192K)
 Metaspace       used 21157K, committed 21504K, reserved 1114112K
  class space    used 3119K, committed 3264K, reserved 1048576K
}
Event: 12.255 GC heap before
{Heap before GC invocations=4 (full 0):
 garbage-first heap   total reserved 4001792K, committed 55296K, used 51956K [0x000000070bc00000, 0x0000000800000000)
  region size 2048K, 22 young (45056K), 4 survivors (8192K)
 Metaspace       used 32176K, committed 32704K, reserved 1114112K
  class space    used 4368K, committed 4608K, reserved 1048576K
}
Event: 12.265 GC heap after
{Heap after GC invocations=5 (full 0):
 garbage-first heap   total reserved 4001792K, committed 67584K, used 19359K [0x000000070bc00000, 0x0000000800000000)
  region size 2048K, 6 young (12288K), 6 survivors (12288K)
 Metaspace       used 32176K, committed 32704K, reserved 1114112K
  class space    used 4368K, committed 4608K, reserved 1048576K
}
Event: 14.220 GC heap before
{Heap before GC invocations=5 (full 0):
 garbage-first heap   total reserved 4001792K, committed 67584K, used 45983K [0x000000070bc00000, 0x0000000800000000)
  region size 2048K, 19 young (38912K), 6 survivors (12288K)
 Metaspace       used 34773K, committed 35264K, reserved 1114112K
  class space    used 4770K, committed 4992K, reserved 1048576K
}
Event: 14.230 GC heap after
{Heap after GC invocations=6 (full 0):
 garbage-first heap   total reserved 4001792K, committed 67584K, used 23100K [0x000000070bc00000, 0x0000000800000000)
  region size 2048K, 3 young (6144K), 3 survivors (6144K)
 Metaspace       used 34773K, committed 35264K, reserved 1114112K
  class space    used 4770K, committed 4992K, reserved 1048576K
}
Event: 17.633 GC heap before
{Heap before GC invocations=6 (full 0):
 garbage-first heap   total reserved 4001792K, committed 67584K, used 55868K [0x000000070bc00000, 0x0000000800000000)
  region size 2048K, 18 young (36864K), 3 survivors (6144K)
 Metaspace       used 35348K, committed 35776K, reserved 1114112K
  class space    used 4777K, committed 4992K, reserved 1048576K
}
Event: 17.643 GC heap after
{Heap after GC invocations=7 (full 0):
 garbage-first heap   total reserved 4001792K, committed 69632K, used 30951K [0x000000070bc00000, 0x0000000800000000)
  region size 2048K, 3 young (6144K), 3 survivors (6144K)
 Metaspace       used 35348K, committed 35776K, reserved 1114112K
  class space    used 4777K, committed 4992K, reserved 1048576K
}
Event: 20.819 GC heap before
{Heap before GC invocations=7 (full 0):
 garbage-first heap   total reserved 4001792K, committed 69632K, used 53479K [0x000000070bc00000, 0x0000000800000000)
  region size 2048K, 14 young (28672K), 3 survivors (6144K)
 Metaspace       used 35545K, committed 35968K, reserved 1114112K
  class space    used 4797K, committed 4992K, reserved 1048576K
}
Event: 20.825 GC heap after
{Heap after GC invocations=8 (full 0):
 garbage-first heap   total reserved 4001792K, committed 69632K, used 35738K [0x000000070bc00000, 0x0000000800000000)
  region size 2048K, 2 young (4096K), 2 survivors (4096K)
 Metaspace       used 35545K, committed 35968K, reserved 1114112K
  class space    used 4797K, committed 4992K, reserved 1048576K
}
Event: 22.986 GC heap before
{Heap before GC invocations=8 (full 0):
 garbage-first heap   total reserved 4001792K, committed 69632K, used 43930K [0x000000070bc00000, 0x0000000800000000)
  region size 2048K, 7 young (14336K), 2 survivors (4096K)
 Metaspace       used 35585K, committed 35968K, reserved 1114112K
  class space    used 4798K, committed 4992K, reserved 1048576K
}
Event: 22.992 GC heap after
{Heap after GC invocations=9 (full 0):
 garbage-first heap   total reserved 4001792K, committed 69632K, used 39374K [0x000000070bc00000, 0x0000000800000000)
  region size 2048K, 2 young (4096K), 2 survivors (4096K)
 Metaspace       used 35585K, committed 35968K, reserved 1114112K
  class space    used 4798K, committed 4992K, reserved 1048576K
}
Event: 32.358 GC heap before
{Heap before GC invocations=10 (full 0):
 garbage-first heap   total reserved 4001792K, committed 69632K, used 53710K [0x000000070bc00000, 0x0000000800000000)
  region size 2048K, 10 young (20480K), 2 survivors (4096K)
 Metaspace       used 36295K, committed 36800K, reserved 1114112K
  class space    used 4867K, committed 5120K, reserved 1048576K
}
Event: 32.362 GC heap after
{Heap after GC invocations=11 (full 0):
 garbage-first heap   total reserved 4001792K, committed 69632K, used 38860K [0x000000070bc00000, 0x0000000800000000)
  region size 2048K, 1 young (2048K), 1 survivors (2048K)
 Metaspace       used 36295K, committed 36800K, reserved 1114112K
  class space    used 4867K, committed 5120K, reserved 1048576K
}
Event: 32.914 GC heap before
{Heap before GC invocations=11 (full 0):
 garbage-first heap   total reserved 4001792K, committed 69632K, used 55244K [0x000000070bc00000, 0x0000000800000000)
  region size 2048K, 9 young (18432K), 1 survivors (2048K)
 Metaspace       used 38968K, committed 39360K, reserved 1114112K
  class space    used 5168K, committed 5312K, reserved 1048576K
}
Event: 32.919 GC heap after
{Heap after GC invocations=12 (full 0):
 garbage-first heap   total reserved 4001792K, committed 69632K, used 37618K [0x000000070bc00000, 0x0000000800000000)
  region size 2048K, 2 young (4096K), 2 survivors (4096K)
 Metaspace       used 38968K, committed 39360K, reserved 1114112K
  class space    used 5168K, committed 5312K, reserved 1048576K
}

