# JRE version: OpenJDK Runtime Environment (22.0.2+9) (build 22.0.2+9-70)
# Java VM: OpenJDK 64-Bit Server VM (22.0.2+9-70, mixed mode, sharing, tiered, compressed oops, compressed class ptrs, g1 gc, windows-amd64)
GC Precious Log:
 CardTable entry size: 512
 Card Set container configuration: InlinePtr #cards 4 size 8 Array Of Cards #cards 16 size 48 Howl #buckets 8 coarsen threshold 3686 Howl Bitmap #cards 512 size 80 coarsen threshold 460 Card regions per heap region 1 cards per card region 4096
 CPUs: 16 total, 16 available
 Memory: 15631M
 Large Page Support: Disabled
 NUMA Support: Disabled
 Compressed Oops: Enabled (Zero based)
 Heap Region Size: 2M
 Heap Min Capacity: 8M
 Heap Initial Capacity: 246M
 Heap Max Capacity: 3908M
 Pre-touch: Disabled
 Parallel Workers: 13
 Concurrent Workers: 3
 Concurrent Refinement Workers: 13
 Periodic GC: Disabled
Heap:
 garbage-first heap   total reserved 4001792K, committed 79872K, used 38024K [0x000000070bc00000, 0x0000000800000000)
  region size 2048K, 2 young (4096K), 1 survivors (2048K)
 Metaspace       used 41048K, committed 41536K, reserved 1114112K
  class space    used 5397K, committed 5632K, reserved 1048576K
GC Heap History (20 events):
Event: 17.794 GC heap before
{Heap before GC invocations=4 (full 0):
 garbage-first heap   total reserved 4001792K, committed 49152K, used 47909K [0x000000070bc00000, 0x0000000800000000)
  region size 2048K, 19 young (38912K), 3 survivors (6144K)
 Metaspace       used 31361K, committed 31872K, reserved 1114112K
  class space    used 4235K, committed 4480K, reserved 1048576K
}
Event: 17.800 GC heap after
{Heap after GC invocations=5 (full 0):
 garbage-first heap   total reserved 4001792K, committed 59392K, used 19237K [0x000000070bc00000, 0x0000000800000000)
  region size 2048K, 5 young (10240K), 5 survivors (10240K)
 Metaspace       used 31361K, committed 31872K, reserved 1114112K
  class space    used 4235K, committed 4480K, reserved 1048576K
}
Event: 23.357 GC heap before
{Heap before GC invocations=5 (full 0):
 garbage-first heap   total reserved 4001792K, committed 59392K, used 43813K [0x000000070bc00000, 0x0000000800000000)
  region size 2048K, 17 young (34816K), 5 survivors (10240K)
 Metaspace       used 35036K, committed 35520K, reserved 1114112K
  class space    used 4774K, committed 4992K, reserved 1048576K
}
Event: 23.362 GC heap after
{Heap after GC invocations=6 (full 0):
 garbage-first heap   total reserved 4001792K, committed 59392K, used 20282K [0x000000070bc00000, 0x0000000800000000)
  region size 2048K, 2 young (4096K), 2 survivors (4096K)
 Metaspace       used 35036K, committed 35520K, reserved 1114112K
  class space    used 4774K, committed 4992K, reserved 1048576K
}
Event: 23.435 GC heap before
{Heap before GC invocations=6 (full 0):
 garbage-first heap   total reserved 4001792K, committed 59392K, used 24378K [0x000000070bc00000, 0x0000000800000000)
  region size 2048K, 5 young (10240K), 2 survivors (4096K)
 Metaspace       used 35535K, committed 35968K, reserved 1114112K
  class space    used 4869K, committed 5056K, reserved 1048576K
}
Event: 23.437 GC heap after
{Heap after GC invocations=7 (full 0):
 garbage-first heap   total reserved 4001792K, committed 59392K, used 20241K [0x000000070bc00000, 0x0000000800000000)
  region size 2048K, 2 young (4096K), 2 survivors (4096K)
 Metaspace       used 35535K, committed 35968K, reserved 1114112K
  class space    used 4869K, committed 5056K, reserved 1048576K
}
Event: 25.860 GC heap before
{Heap before GC invocations=8 (full 0):
 garbage-first heap   total reserved 4001792K, committed 59392K, used 48913K [0x000000070bc00000, 0x0000000800000000)
  region size 2048K, 15 young (30720K), 2 survivors (4096K)
 Metaspace       used 36686K, committed 37184K, reserved 1114112K
  class space    used 4969K, committed 5184K, reserved 1048576K
}
Event: 25.867 GC heap after
{Heap after GC invocations=9 (full 0):
 garbage-first heap   total reserved 4001792K, committed 61440K, used 30027K [0x000000070bc00000, 0x0000000800000000)
  region size 2048K, 2 young (4096K), 2 survivors (4096K)
 Metaspace       used 36686K, committed 37184K, reserved 1114112K
  class space    used 4969K, committed 5184K, reserved 1048576K
}
Event: 27.761 GC heap before
{Heap before GC invocations=9 (full 0):
 garbage-first heap   total reserved 4001792K, committed 61440K, used 48459K [0x000000070bc00000, 0x0000000800000000)
  region size 2048K, 11 young (22528K), 2 survivors (4096K)
 Metaspace       used 36861K, committed 37376K, reserved 1114112K
  class space    used 4970K, committed 5184K, reserved 1048576K
}
Event: 27.766 GC heap after
{Heap after GC invocations=10 (full 0):
 garbage-first heap   total reserved 4001792K, committed 61440K, used 34495K [0x000000070bc00000, 0x0000000800000000)
  region size 2048K, 2 young (4096K), 2 survivors (4096K)
 Metaspace       used 36861K, committed 37376K, reserved 1114112K
  class space    used 4970K, committed 5184K, reserved 1048576K
}
Event: 28.927 GC heap before
{Heap before GC invocations=10 (full 0):
 garbage-first heap   total reserved 4001792K, committed 61440K, used 50879K [0x000000070bc00000, 0x0000000800000000)
  region size 2048K, 10 young (20480K), 2 survivors (4096K)
 Metaspace       used 36935K, committed 37376K, reserved 1114112K
  class space    used 4970K, committed 5184K, reserved 1048576K
}
Event: 28.932 GC heap after
{Heap after GC invocations=11 (full 0):
 garbage-first heap   total reserved 4001792K, committed 61440K, used 38383K [0x000000070bc00000, 0x0000000800000000)
  region size 2048K, 2 young (4096K), 2 survivors (4096K)
 Metaspace       used 36935K, committed 37376K, reserved 1114112K
  class space    used 4970K, committed 5184K, reserved 1048576K
}
Event: 38.526 GC heap before
{Heap before GC invocations=12 (full 0):
 garbage-first heap   total reserved 4001792K, committed 61440K, used 46575K [0x000000070bc00000, 0x0000000800000000)
  region size 2048K, 8 young (16384K), 2 survivors (4096K)
 Metaspace       used 37174K, committed 37632K, reserved 1114112K
  class space    used 4994K, committed 5184K, reserved 1048576K
}
Event: 38.530 GC heap after
{Heap after GC invocations=13 (full 0):
 garbage-first heap   total reserved 4001792K, committed 61440K, used 39520K [0x000000070bc00000, 0x0000000800000000)
  region size 2048K, 1 young (2048K), 1 survivors (2048K)
 Metaspace       used 37174K, committed 37632K, reserved 1114112K
  class space    used 4994K, committed 5184K, reserved 1048576K
}
Event: 39.780 GC heap before
{Heap before GC invocations=13 (full 0):
 garbage-first heap   total reserved 4001792K, committed 61440K, used 51808K [0x000000070bc00000, 0x0000000800000000)
  region size 2048K, 7 young (14336K), 1 survivors (2048K)
 Metaspace       used 37720K, committed 38208K, reserved 1114112K
  class space    used 5041K, committed 5248K, reserved 1048576K
}
Event: 39.783 GC heap after
{Heap after GC invocations=14 (full 0):
 garbage-first heap   total reserved 4001792K, committed 61440K, used 35887K [0x000000070bc00000, 0x0000000800000000)
  region size 2048K, 1 young (2048K), 1 survivors (2048K)
 Metaspace       used 37720K, committed 38208K, reserved 1114112K
  class space    used 5041K, committed 5248K, reserved 1048576K
}
Event: 39.979 GC heap before
{Heap before GC invocations=14 (full 0):
 garbage-first heap   total reserved 4001792K, committed 61440K, used 50223K [0x000000070bc00000, 0x0000000800000000)
  region size 2048K, 8 young (16384K), 1 survivors (2048K)
 Metaspace       used 39469K, committed 39936K, reserved 1114112K
  class space    used 5247K, committed 5440K, reserved 1048576K
}
Event: 39.981 GC heap after
{Heap after GC invocations=15 (full 0):
 garbage-first heap   total reserved 4001792K, committed 61440K, used 38012K [0x000000070bc00000, 0x0000000800000000)
  region size 2048K, 1 young (2048K), 1 survivors (2048K)
 Metaspace       used 39469K, committed 39936K, reserved 1114112K
  class space    used 5247K, committed 5440K, reserved 1048576K
}
Event: 236.450 GC heap before
{Heap before GC invocations=16 (full 0):
 garbage-first heap   total reserved 4001792K, committed 65536K, used 52348K [0x000000070bc00000, 0x0000000800000000)
  region size 2048K, 8 young (16384K), 1 survivors (2048K)
 Metaspace       used 41033K, committed 41536K, reserved 1114112K
  class space    used 5394K, committed 5632K, reserved 1048576K
}
Event: 236.456 GC heap after
{Heap after GC invocations=17 (full 0):
 garbage-first heap   total reserved 4001792K, committed 79872K, used 38024K [0x000000070bc00000, 0x0000000800000000)
  region size 2048K, 1 young (2048K), 1 survivors (2048K)
 Metaspace       used 41033K, committed 41536K, reserved 1114112K
  class space    used 5394K, committed 5632K, reserved 1048576K
}

