# JRE version: OpenJDK Runtime Environment (22.0.2+9) (build 22.0.2+9-70)
# Java VM: OpenJDK 64-Bit Server VM (22.0.2+9-70, mixed mode, sharing, tiered, compressed oops, compressed class ptrs, g1 gc, windows-amd64)
GC Precious Log:
 CardTable entry size: 512
 Card Set container configuration: InlinePtr #cards 4 size 8 Array Of Cards #cards 16 size 48 Howl #buckets 8 coarsen threshold 3686 Howl Bitmap #cards 512 size 80 coarsen threshold 460 Card regions per heap region 1 cards per card region 4096
 CPUs: 16 total, 16 available
 Memory: 15631M
 Large Page Support: Disabled
 NUMA Support: Disabled
 Compressed Oops: Enabled (Zero based)
 Heap Region Size: 2M
 Heap Min Capacity: 8M
 Heap Initial Capacity: 246M
 Heap Max Capacity: 3908M
 Pre-touch: Disabled
 Parallel Workers: 13
 Concurrent Workers: 3
 Concurrent Refinement Workers: 13
 Periodic GC: Disabled
Heap:
 garbage-first heap   total reserved 4001792K, committed 61440K, used 42368K [0x000000070bc00000, 0x0000000800000000)
  region size 2048K, 6 young (12288K), 2 survivors (4096K)
 Metaspace       used 40825K, committed 41344K, reserved 1114112K
  class space    used 5390K, committed 5632K, reserved 1048576K
GC Heap History (20 events):
Event: 1.183 GC heap before
{Heap before GC invocations=1 (full 0):
 garbage-first heap   total reserved 4001792K, committed 251904K, used 39650K [0x000000070bc00000, 0x0000000800000000)
  region size 2048K, 19 young (38912K), 2 survivors (4096K)
 Metaspace       used 17247K, committed 17664K, reserved 1114112K
  class space    used 2132K, committed 2368K, reserved 1048576K
}
Event: 1.187 GC heap after
{Heap after GC invocations=2 (full 0):
 garbage-first heap   total reserved 4001792K, committed 251904K, used 8909K [0x000000070bc00000, 0x0000000800000000)
  region size 2048K, 3 young (6144K), 3 survivors (6144K)
 Metaspace       used 17247K, committed 17664K, reserved 1114112K
  class space    used 2132K, committed 2368K, reserved 1048576K
}
Event: 1.449 GC heap before
{Heap before GC invocations=2 (full 0):
 garbage-first heap   total reserved 4001792K, committed 251904K, used 31437K [0x000000070bc00000, 0x0000000800000000)
  region size 2048K, 15 young (30720K), 3 survivors (6144K)
 Metaspace       used 21079K, committed 21504K, reserved 1114112K
  class space    used 2849K, committed 3072K, reserved 1048576K
}
Event: 1.452 GC heap after
{Heap after GC invocations=3 (full 0):
 garbage-first heap   total reserved 4001792K, committed 251904K, used 12943K [0x000000070bc00000, 0x0000000800000000)
  region size 2048K, 3 young (6144K), 3 survivors (6144K)
 Metaspace       used 21079K, committed 21504K, reserved 1114112K
  class space    used 2849K, committed 3072K, reserved 1048576K
}
Event: 13.002 GC heap before
{Heap before GC invocations=4 (full 0):
 garbage-first heap   total reserved 4001792K, committed 49152K, used 47759K [0x000000070bc00000, 0x0000000800000000)
  region size 2048K, 19 young (38912K), 3 survivors (6144K)
 Metaspace       used 31846K, committed 32320K, reserved 1114112K
  class space    used 4280K, committed 4480K, reserved 1048576K
}
Event: 13.007 GC heap after
{Heap after GC invocations=5 (full 0):
 garbage-first heap   total reserved 4001792K, committed 61440K, used 19400K [0x000000070bc00000, 0x0000000800000000)
  region size 2048K, 6 young (12288K), 6 survivors (12288K)
 Metaspace       used 31846K, committed 32320K, reserved 1114112K
  class space    used 4280K, committed 4480K, reserved 1048576K
}
Event: 14.871 GC heap before
{Heap before GC invocations=5 (full 0):
 garbage-first heap   total reserved 4001792K, committed 61440K, used 41928K [0x000000070bc00000, 0x0000000800000000)
  region size 2048K, 17 young (34816K), 6 survivors (12288K)
 Metaspace       used 35093K, committed 35584K, reserved 1114112K
  class space    used 4797K, committed 4992K, reserved 1048576K
}
Event: 14.875 GC heap after
{Heap after GC invocations=6 (full 0):
 garbage-first heap   total reserved 4001792K, committed 61440K, used 21000K [0x000000070bc00000, 0x0000000800000000)
  region size 2048K, 2 young (4096K), 2 survivors (4096K)
 Metaspace       used 35093K, committed 35584K, reserved 1114112K
  class space    used 4797K, committed 4992K, reserved 1048576K
}
Event: 14.951 GC heap before
{Heap before GC invocations=6 (full 0):
 garbage-first heap   total reserved 4001792K, committed 61440K, used 27144K [0x000000070bc00000, 0x0000000800000000)
  region size 2048K, 6 young (12288K), 2 survivors (4096K)
 Metaspace       used 35682K, committed 36096K, reserved 1114112K
  class space    used 4910K, committed 5120K, reserved 1048576K
}
Event: 14.954 GC heap after
{Heap after GC invocations=7 (full 0):
 garbage-first heap   total reserved 4001792K, committed 61440K, used 21688K [0x000000070bc00000, 0x0000000800000000)
  region size 2048K, 2 young (4096K), 2 survivors (4096K)
 Metaspace       used 35682K, committed 36096K, reserved 1114112K
  class space    used 4910K, committed 5120K, reserved 1048576K
}
Event: 17.407 GC heap before
{Heap before GC invocations=8 (full 0):
 garbage-first heap   total reserved 4001792K, committed 61440K, used 50360K [0x000000070bc00000, 0x0000000800000000)
  region size 2048K, 16 young (32768K), 2 survivors (4096K)
 Metaspace       used 36625K, committed 37184K, reserved 1114112K
  class space    used 4944K, committed 5184K, reserved 1048576K
}
Event: 17.410 GC heap after
{Heap after GC invocations=9 (full 0):
 garbage-first heap   total reserved 4001792K, committed 61440K, used 27008K [0x000000070bc00000, 0x0000000800000000)
  region size 2048K, 2 young (4096K), 2 survivors (4096K)
 Metaspace       used 36625K, committed 37184K, reserved 1114112K
  class space    used 4944K, committed 5184K, reserved 1048576K
}
Event: 19.813 GC heap before
{Heap before GC invocations=9 (full 0):
 garbage-first heap   total reserved 4001792K, committed 61440K, used 49536K [0x000000070bc00000, 0x0000000800000000)
  region size 2048K, 13 young (26624K), 2 survivors (4096K)
 Metaspace       used 36868K, committed 37376K, reserved 1114112K
  class space    used 4963K, committed 5184K, reserved 1048576K
}
Event: 19.816 GC heap after
{Heap after GC invocations=10 (full 0):
 garbage-first heap   total reserved 4001792K, committed 61440K, used 31133K [0x000000070bc00000, 0x0000000800000000)
  region size 2048K, 2 young (4096K), 2 survivors (4096K)
 Metaspace       used 36868K, committed 37376K, reserved 1114112K
  class space    used 4963K, committed 5184K, reserved 1048576K
}
Event: 35.889 GC heap before
{Heap before GC invocations=10 (full 0):
 garbage-first heap   total reserved 4001792K, committed 61440K, used 49565K [0x000000070bc00000, 0x0000000800000000)
  region size 2048K, 11 young (22528K), 2 survivors (4096K)
 Metaspace       used 37136K, committed 37632K, reserved 1114112K
  class space    used 4988K, committed 5184K, reserved 1048576K
}
Event: 35.892 GC heap after
{Heap after GC invocations=11 (full 0):
 garbage-first heap   total reserved 4001792K, committed 61440K, used 35282K [0x000000070bc00000, 0x0000000800000000)
  region size 2048K, 2 young (4096K), 2 survivors (4096K)
 Metaspace       used 37136K, committed 37632K, reserved 1114112K
  class space    used 4988K, committed 5184K, reserved 1048576K
}
Event: 37.203 GC heap before
{Heap before GC invocations=12 (full 0):
 garbage-first heap   total reserved 4001792K, committed 61440K, used 47570K [0x000000070bc00000, 0x0000000800000000)
  region size 2048K, 9 young (18432K), 2 survivors (4096K)
 Metaspace       used 37695K, committed 38144K, reserved 1114112K
  class space    used 5042K, committed 5248K, reserved 1048576K
}
Event: 37.205 GC heap after
{Heap after GC invocations=13 (full 0):
 garbage-first heap   total reserved 4001792K, committed 61440K, used 34140K [0x000000070bc00000, 0x0000000800000000)
  region size 2048K, 1 young (2048K), 1 survivors (2048K)
 Metaspace       used 37695K, committed 38144K, reserved 1114112K
  class space    used 5042K, committed 5248K, reserved 1048576K
}
Event: 37.508 GC heap before
{Heap before GC invocations=13 (full 0):
 garbage-first heap   total reserved 4001792K, committed 61440K, used 48476K [0x000000070bc00000, 0x0000000800000000)
  region size 2048K, 9 young (18432K), 1 survivors (2048K)
 Metaspace       used 40323K, committed 40832K, reserved 1114112K
  class space    used 5335K, committed 5568K, reserved 1048576K
}
Event: 37.510 GC heap after
{Heap after GC invocations=14 (full 0):
 garbage-first heap   total reserved 4001792K, committed 61440K, used 36224K [0x000000070bc00000, 0x0000000800000000)
  region size 2048K, 2 young (4096K), 2 survivors (4096K)
 Metaspace       used 40323K, committed 40832K, reserved 1114112K
  class space    used 5335K, committed 5568K, reserved 1048576K
}

